11:50:36.509 15.30 
11:50:41.488 15.30 
11:50:46.469 15.30 
11:50:51.485 15.30 
11:50:56.465 15.30 
11:51:01.476 15.30 
11:51:06.486 15.30 
11:51:11.496 15.40 
11:51:16.476 15.40 
11:51:21.487 15.30 
11:51:26.465 15.40 
11:51:31.474 15.40 
11:51:36.485 15.40 
11:51:41.465 15.40 
11:51:46.475 15.30 
11:51:51.488 15.40 
11:51:56.465 15.30 
11:52:01.475 15.40 
11:52:06.485 15.40 
11:52:11.463 15.30 
11:52:16.474 15.30 
11:52:21.454 15.40 
11:52:26.497 15.40 
11:52:31.474 15.40 
11:52:36.454 15.40 
11:52:41.466 15.40 
11:52:46.474 15.40 
11:52:51.485 15.40 
11:52:56.492 15.40 
11:53:01.470 15.40 
11:53:06.446 15.40 
11:53:11.489 15.40 
11:53:16.466 15.40 
11:53:21.478 15.40 
11:53:26.489 15.50 
11:53:31.469 15.50 
11:53:36.446 15.50 
11:53:41.489 15.50 
11:53:46.472 15.50 
11:53:51.446 15.40 
11:53:56.491 15.40 
11:54:01.466 15.40 
11:54:06.478 15.40 
11:54:11.488 15.40 
11:54:16.465 15.50 
11:54:21.476 15.40 
11:54:26.489 15.40 
11:54:31.467 15.40 
11:54:36.442 15.40 
11:54:41.486 15.50 
11:54:46.461 15.40 
11:54:51.472 15.50 
11:54:56.481 15.50 
11:55:01.459 15.50 
11:55:06.468 15.50 
11:55:11.476 15.50 
11:55:16.486 15.50 
11:55:21.462 15.50 
11:55:26.470 15.50 
11:55:31.477 15.50 
11:55:36.454 15.50 
11:55:41.462 15.50 
11:55:46.469 15.50 
11:55:51.479 15.50 
11:55:56.488 15.50 
11:56:01.467 15.60 
11:56:06.478 15.70 
11:56:11.488 15.80 
11:56:16.468 15.80 
11:56:21.448 15.80 
11:56:26.491 15.80 
11:56:31.466 15.80 
11:56:36.444 15.80 
11:56:41.456 15.80 
11:56:46.468 15.70 
11:56:51.481 15.70 
11:56:56.459 15.70 
11:57:01.433 15.70 
11:57:06.443 15.60 
11:57:11.453 15.60 
11:57:16.462 15.60 
11:57:21.469 15.70 
11:57:26.480 15.60 
11:57:31.457 15.60 
11:57:36.468 15.60 
11:57:41.444 15.70 
11:57:46.454 15.70 
11:57:51.463 15.70 
11:57:56.439 15.70 
11:58:01.447 15.70 
11:58:06.457 15.70 
11:58:11.434 15.70 
11:58:16.444 15.70 
11:58:21.454 15.70 
11:58:26.463 15.70 
11:58:31.474 15.70 
11:58:36.485 15.70 
11:58:41.463 15.70 
11:58:46.438 15.70 
11:58:51.465 15.70 
11:58:56.439 15.80 
11:59:01.449 15.70 
11:59:06.458 15.70 
11:59:11.436 15.70 
11:59:16.442 15.80 
11:59:21.451 15.70 
11:59:26.462 15.70 
11:59:31.471 15.70 
11:59:36.445 15.70 
11:59:41.454 15.70 
11:59:46.464 15.80 
11:59:51.439 15.80 
11:59:56.451 15.80 
12:00:01.459 15.80 
12:00:06.465 15.80 
12:00:11.440 15.80 
12:00:16.449 15.80 
12:00:21.458 15.80 
12:00:26.467 15.80 
12:00:31.444 15.80 
12:00:36.454 15.80 
12:00:41.460 15.80 
12:00:46.438 15.80 
12:00:51.447 15.80 
12:00:56.455 15.80 
12:01:01.464 15.80 
12:01:06.441 15.70 
12:01:11.451 15.70 
12:01:16.462 15.80 
12:01:21.439 15.80 
12:01:26.451 15.80 
12:01:31.460 15.80 
12:01:36.435 15.80 
12:01:41.477 15.80 
12:01:46.453 15.80 
12:01:51.431 15.90 
12:01:56.473 15.80 
12:02:01.451 15.80 
12:02:06.429 15.80 
12:02:11.472 15.80 
12:02:16.451 15.80 
12:02:21.460 15.80 
12:02:26.470 15.80 
12:02:31.444 15.80 
12:02:36.421 15.80 
12:02:41.464 15.80 
12:02:46.439 15.90 
12:02:51.448 15.90 
12:02:56.457 15.80 
12:03:01.436 15.90 
12:03:06.446 15.80 
12:03:11.457 15.80 
12:03:16.418 15.80 
12:03:21.461 15.80 
12:03:26.437 15.80 
12:03:31.447 15.80 
12:03:36.457 15.80 
12:03:41.434 15.80 
12:03:46.477 15.80 
12:03:51.452 15.80 
12:03:56.428 15.80 
12:04:01.440 15.80 
12:04:06.451 15.80 
12:04:11.433 15.80 
12:04:16.446 15.80 
12:04:21.457 15.70 
12:04:26.468 15.70 
12:04:31.447 15.70 
12:04:36.426 15.70 
12:04:41.439 15.70 
12:04:46.449 15.70 
12:04:51.427 15.70 
12:04:56.471 15.70 
12:05:01.447 15.70 
12:05:06.460 15.70 
12:05:11.441 15.70 
12:05:16.455 15.70 
12:05:21.431 15.70 
12:05:26.441 15.70 
12:05:31.421 15.70 
12:05:36.431 15.70 
12:05:41.446 15.60 
12:05:46.457 15.60 
12:05:51.439 15.60 
12:05:56.448 15.60 
12:06:01.426 15.60 
12:06:06.435 15.60 
12:06:11.446 15.60 
12:06:16.459 15.60 
12:06:21.444 15.60 
12:06:26.425 15.60 
12:06:31.434 15.60 
12:06:36.409 15.60 
12:06:41.451 15.60 
12:06:46.426 15.60 
12:06:51.437 15.50 
12:06:56.445 15.60 
12:07:01.421 15.50 
12:07:06.466 15.50 
12:07:11.442 15.50 
12:07:16.452 15.40 
12:07:21.429 15.40 
12:07:26.440 15.50 
12:07:31.451 15.50 
12:07:36.430 15.50 
12:07:41.442 15.50 
12:07:46.455 15.40 
12:07:51.434 15.50 
12:07:56.446 15.50 
12:08:01.426 15.50 
12:08:06.436 15.50 
12:08:11.449 15.50 
12:08:16.424 15.50 
12:08:21.434 15.50 
12:08:26.442 15.50 
12:08:31.419 15.50 
12:08:36.428 15.50 
12:08:41.439 15.50 
12:08:46.447 15.50 
12:08:51.424 15.50 
12:08:56.434 15.50 
12:09:01.444 15.50 
12:09:06.419 15.50 
12:09:11.426 15.50 
12:09:16.436 15.50 
12:09:21.446 15.50 
12:09:26.460 15.50 
12:09:31.439 15.50 
12:09:36.419 15.50 
12:09:41.428 15.50 
12:09:46.437 15.50 
12:09:51.416 15.50 
12:09:56.460 15.50 
12:10:01.435 15.50 
12:10:06.446 15.40 
12:10:11.423 15.40 
12:10:16.432 15.50 
12:10:21.441 15.50 
12:10:26.421 15.50 
12:10:31.433 15.40 
12:10:36.411 15.40 
12:10:41.421 15.40 
12:10:46.433 15.40 
12:10:51.446 15.40 
12:10:56.422 15.40 
12:11:01.431 15.40 
12:11:06.440 15.40 
12:11:11.414 15.40 
12:11:16.428 15.40 
12:11:21.443 15.40 
12:11:26.423 15.40 
12:11:31.407 15.40 
12:11:36.421 15.40 
12:11:41.435 15.40 
12:11:46.416 15.40 
12:11:51.429 15.40 
12:11:56.444 15.40 
12:12:01.418 15.40 
12:12:06.433 15.40 
12:12:11.417 15.30 
12:12:16.427 15.30 
12:12:21.405 15.30 
12:12:26.419 15.30 
12:12:31.403 15.30 
12:12:36.417 15.30 
12:12:41.432 15.30 
12:12:46.414 15.30 
12:12:51.430 15.30 
12:12:56.410 15.30 
12:13:01.427 15.30 
12:13:06.438 15.30 
12:13:11.418 15.30 
12:13:16.427 15.30 
12:13:21.408 15.30 
12:13:26.422 15.30 
12:13:31.435 15.30 
12:13:36.412 15.30 
12:13:41.422 15.30 
12:13:46.431 15.30 
12:13:51.441 15.30 
12:13:56.419 15.30 
12:14:01.398 15.30 
12:14:06.409 15.20 
12:14:11.421 15.20 
12:14:16.436 15.20 
12:14:21.416 15.20 
12:14:26.424 15.20 
12:14:31.436 15.20 
12:14:36.413 15.20 
12:14:41.422 15.10 
12:14:46.432 15.20 
12:14:51.411 15.20 
12:14:56.424 15.20 
12:15:01.404 15.10 
12:15:06.415 15.20 
12:15:11.426 15.20 
12:15:16.440 15.20 
12:15:21.417 15.10 
12:15:26.427 15.20 
12:15:31.405 15.20 
12:15:36.417 15.20 
12:15:41.427 15.20 
12:15:46.406 15.20 
12:15:51.418 15.20 
12:15:56.429 15.10 
12:16:01.408 15.10 
12:16:06.418 15.20 
12:16:11.434 15.20 
12:16:16.418 15.20 
12:16:21.427 15.20 
12:16:26.405 15.20 
12:16:31.386 15.20 
12:16:36.434 15.20 
12:16:41.414 15.20 
12:16:46.421 15.10 
12:16:51.431 15.10 
12:16:56.406 15.10 
12:17:01.418 15.10 
12:17:06.431 15.20 
12:17:11.408 15.10 
12:17:16.421 15.10 
12:17:21.401 15.10 
12:17:26.385 15.20 
12:17:31.429 15.20 
12:17:36.412 15.20 
12:17:41.428 15.20 
12:17:46.407 15.20 
12:17:51.416 15.20 
12:17:56.429 15.20 
12:18:01.405 15.20 
12:18:06.417 15.20 
12:18:11.428 15.20 
12:18:16.407 15.20 
12:18:21.418 15.20 
12:18:26.397 15.20 
12:18:31.406 15.20 
12:18:36.423 15.20 
12:18:41.433 15.20 
12:18:46.409 15.20 
12:18:51.415 15.30 
12:18:56.396 15.30 
12:19:01.408 15.30 
12:19:06.386 15.30 
12:19:11.399 15.30 
12:19:16.410 15.30 
12:19:21.391 15.30 
12:19:26.432 15.30 
12:19:31.411 15.30 
12:19:36.387 15.30 
12:19:41.395 15.30 
12:19:46.406 15.30 
12:19:51.418 15.30 
12:19:56.384 15.30 
12:20:01.374 15.30 
12:20:06.396 15.30 
12:20:11.409 15.30 
12:20:16.423 15.30 
12:20:21.400 15.30 
12:20:26.411 15.30 
12:20:31.389 15.40 
12:20:36.398 15.40 
12:20:41.409 15.40 
12:20:46.418 15.40 
12:20:51.396 15.40 
12:20:56.407 15.40 
12:21:01.420 15.40 
12:21:06.395 15.40 
12:21:11.404 15.40 
12:21:16.382 15.40 
12:21:21.389 15.40 
12:21:26.400 15.40 
12:21:31.409 15.40 
12:21:36.384 15.40 
12:21:41.425 15.40 
12:21:46.403 15.40 
12:21:51.413 15.40 
12:21:56.422 15.40 
12:22:01.398 15.40 
12:22:06.375 15.40 
12:22:11.419 15.50 
12:22:16.395 15.40 
12:22:21.405 15.40 
12:22:26.379 15.40 
12:22:31.389 15.40 
12:22:36.400 15.40 
12:22:41.412 15.40 
12:22:46.392 15.40 
12:22:51.371 15.40 
12:22:56.411 15.40 
12:23:01.385 15.50 
12:23:06.393 15.50 
12:23:11.402 15.50 
12:23:16.411 15.40 
12:23:21.385 15.40 
12:23:26.392 15.50 
12:23:31.400 15.50 
12:23:36.409 15.50 
12:23:41.416 15.50 
12:23:46.392 15.50 
12:23:51.401 15.50 
12:23:56.378 15.50 
12:24:01.391 15.50 
12:24:06.376 15.50 
12:24:11.382 15.50 
12:24:16.392 15.50 
12:24:21.400 15.50 
12:24:26.408 15.50 
12:24:31.385 15.50 
12:24:36.391 15.50 
12:24:41.398 15.60 
12:24:46.373 15.60 
12:24:51.414 15.60 
12:24:56.390 15.60 
12:25:01.400 15.60 
12:25:06.407 15.60 
12:25:11.382 15.60 
12:25:16.391 15.60 
12:25:21.400 15.60 
12:25:26.375 15.60 
12:25:31.385 15.60 
12:25:36.395 15.60 
12:25:41.407 15.60 
12:25:46.384 15.60 
12:25:51.392 15.60 
12:25:56.400 15.60 
12:26:01.408 15.60 
12:26:06.386 15.50 
12:26:11.398 15.50 
12:26:16.375 15.60 
12:26:21.387 15.60 
12:26:26.396 15.60 
12:26:31.373 15.60 
12:26:36.414 15.60 
12:26:41.394 15.60 
12:26:46.367 15.60 
12:26:51.372 15.60 
12:26:56.412 15.60 
12:27:01.386 15.60 
12:27:06.395 15.60 
12:27:11.371 15.60 
12:27:16.412 15.60 
12:27:21.388 15.60 
12:27:26.362 15.60 
12:27:31.370 15.60 
12:27:36.378 15.60 
12:27:41.386 15.60 
12:27:46.394 15.60 
12:27:51.370 15.60 
12:27:56.377 15.60 
12:28:01.386 15.60 
12:28:06.359 15.60 
12:28:11.372 15.60 
12:28:16.384 15.60 
12:28:21.360 15.60 
12:28:26.371 15.60 
12:28:31.380 15.60 
12:28:36.389 15.60 
12:28:41.397 15.60 
12:28:46.376 15.60 
12:28:51.352 15.60 
12:28:56.398 15.60 
12:29:01.376 15.60 
12:29:06.353 15.60 
12:29:11.394 15.60 
12:29:16.370 15.60 
12:29:21.377 15.60 
12:29:26.388 15.60 
12:29:31.363 15.60 
12:29:36.404 15.50 
12:29:41.383 15.60 
12:29:46.358 15.50 
12:29:51.398 15.50 
12:29:56.376 15.60 
12:30:01.387 15.60 
12:30:06.365 15.60 
12:30:11.377 15.50 
12:30:16.389 15.50 
12:30:21.363 15.50 
12:30:26.371 15.50 
12:30:31.380 15.50 
12:30:36.389 15.60 
12:30:41.367 15.50 
12:30:46.379 15.50 
12:30:51.389 15.50 
12:30:56.367 15.60 
12:31:01.379 15.50 
12:31:06.390 15.60 
12:31:11.368 15.60 
12:31:16.380 15.60 
12:31:21.390 15.60 
12:31:26.367 15.60 
12:31:31.379 15.60 
12:31:36.357 15.60 
12:31:41.365 15.60 
12:31:46.377 15.60 
12:31:51.353 15.60 
12:31:56.395 15.50 
12:32:01.372 15.60 
12:32:06.348 15.60 
12:32:11.359 15.60 
12:32:16.370 15.60 
12:32:21.347 15.60 
12:32:26.356 15.60 
12:32:31.401 15.60 
12:32:36.376 15.60 
12:32:41.387 15.60 
12:32:46.365 15.60 
12:32:51.376 15.60 
12:32:56.386 15.60 
12:33:01.363 15.60 
12:33:06.375 15.60 
12:33:11.352 15.60 
12:33:16.363 15.60 
12:33:21.372 15.60 
12:33:26.382 15.60 
12:33:31.355 15.60 
12:33:36.365 15.60 
12:33:41.374 15.60 
12:33:46.382 15.60 
12:33:51.358 15.50 
12:33:56.367 15.50 
12:34:01.378 15.50 
12:34:06.354 15.50 
12:34:11.367 15.50 
12:34:16.378 15.50 
12:34:21.354 15.50 
12:34:26.363 15.50 
12:34:31.372 15.50 
12:34:36.379 15.50 
12:34:41.354 15.50 
12:34:46.363 15.60 
12:34:51.371 15.50 
12:34:56.344 15.50 
12:35:01.354 15.50 
12:35:06.363 15.50 
12:35:11.372 15.50 
12:35:16.350 15.50 
12:35:21.360 15.50 
12:35:26.371 15.50 
12:35:31.385 15.50 
12:35:36.362 15.50 
12:35:41.373 15.50 
12:35:46.350 15.50 
12:35:51.362 15.50 
12:35:56.373 15.50 
12:36:01.382 15.50 
12:36:06.355 15.50 
12:36:11.364 15.50 
12:36:16.341 15.40 
12:36:21.351 15.40 
12:36:26.358 15.40 
12:36:31.366 15.40 
12:36:36.373 15.40 
12:36:41.347 15.40 
12:36:46.358 15.40 
12:36:51.366 15.40 
12:36:56.342 15.40 
12:37:01.384 15.40 
12:37:06.360 15.40 
12:37:11.336 15.40 
12:37:16.374 15.40 
12:37:21.346 15.40 
12:37:26.353 15.40 
12:37:31.363 15.30 
12:37:36.370 15.40 
12:37:41.375 15.40 
12:37:46.349 15.40 
12:37:51.357 15.30 
12:37:56.363 15.30 
12:38:01.372 15.30 
12:38:06.380 15.30 
12:38:11.358 15.30 
12:38:16.367 15.40 
12:38:21.345 15.30 
12:38:26.356 15.30 
12:38:31.365 15.30 
12:38:36.376 15.40 
12:38:41.355 15.30 
12:38:46.364 15.40 
12:38:51.339 15.30 
12:38:56.352 15.30 
12:39:01.360 15.30 
12:39:06.365 15.30 
12:39:11.372 15.30 
12:39:16.349 15.30 
12:39:21.360 15.20 
12:39:26.368 15.30 
12:39:31.342 15.30 
12:39:36.352 15.30 
12:39:41.361 15.30 
12:39:46.336 15.30 
12:39:51.346 15.30 
12:39:56.357 15.30 
12:40:01.334 15.30 
12:40:06.375 15.30 
12:40:11.350 15.30 
12:40:16.359 15.30 
12:40:21.366 15.30 
12:40:26.344 15.30 
12:40:31.354 15.30 
12:40:36.366 15.30 
12:40:41.342 15.30 
12:40:46.318 15.30 
12:40:51.361 15.30 
12:40:56.340 15.30 
12:41:01.351 15.20 
12:41:06.358 15.20 
12:41:11.335 15.20 
12:41:16.345 15.20 
12:41:21.352 15.20 
12:41:26.329 15.20 
12:41:31.340 15.30 
12:41:36.353 15.30 
12:41:41.330 15.20 
12:41:46.343 15.20 
12:41:51.351 15.20 
12:41:56.361 15.20 
12:42:01.335 15.30 
12:42:06.374 15.30 
12:42:11.347 15.30 
12:42:16.353 15.20 
12:42:21.363 15.20 
12:42:26.341 15.20 
12:42:31.352 15.20 
12:42:36.359 15.20 
12:42:41.339 15.20 
12:42:46.350 15.30 
12:42:51.360 15.30 
12:42:56.335 15.30 
12:43:01.344 15.30 
12:43:06.353 15.30 
12:43:11.327 15.30 
12:43:16.338 15.30 
12:43:21.350 15.20 
12:43:26.326 15.20 
12:43:31.367 15.20 
12:43:36.341 15.20 
12:43:41.317 15.20 
12:43:46.358 15.20 
12:43:51.332 15.20 
12:43:56.341 15.20 
12:44:01.318 15.10 
12:44:06.358 15.10 
12:44:11.335 15.10 
12:44:16.342 15.20 
12:44:21.317 15.10 
12:44:26.362 15.20 
12:44:31.339 15.20 
12:44:36.348 15.20 
12:44:41.325 15.20 
12:44:46.333 15.20 
12:44:51.341 15.20 
12:44:56.349 15.20 
12:45:01.324 15.20 
12:45:06.333 15.20 
12:45:11.341 15.10 
12:45:16.350 15.10 
12:45:21.324 15.20 
12:45:26.366 15.10 
12:45:31.342 15.10 
12:45:36.351 15.20 
12:45:41.325 15.20 
12:45:46.333 15.20 
12:45:51.342 15.20 
12:45:56.315 15.20 
12:46:01.324 15.20 
12:46:06.331 15.10 
12:46:11.340 15.10 
12:46:16.348 15.10 
12:46:21.322 15.20 
12:46:26.332 15.20 
12:46:31.345 15.10 
12:46:36.351 15.10 
12:46:41.327 15.10 
12:46:46.337 15.10 
12:46:51.349 15.10 
12:46:56.328 15.10 
12:47:01.338 15.10 
12:47:06.349 15.10 
12:47:11.327 15.10 
12:47:16.337 15.10 
12:47:21.345 15.10 
12:47:26.321 15.10 
12:47:31.301 15.10 
12:47:36.346 15.10 
12:47:41.322 15.10 
12:47:46.364 15.10 
12:47:51.340 15.10 
12:47:56.350 15.10 
12:48:01.325 15.10 
12:48:06.302 15.10 
12:48:11.347 15.10 
12:48:16.327 15.10 
12:48:21.337 15.10 
12:48:26.347 15.10 
12:48:31.325 15.10 
12:48:36.336 15.10 
12:48:41.342 15.20 
12:48:46.320 15.10 
12:48:51.328 15.10 
12:48:56.342 15.10 
12:49:01.318 15.10 
12:49:06.326 15.10 
12:49:11.335 15.10 
12:49:16.344 15.10 
12:49:21.318 15.10 
12:49:26.325 15.10 
12:49:31.332 15.10 
12:49:36.306 15.10 
12:49:41.349 15.10 
12:49:46.327 15.10 
12:49:51.304 15.10 
12:49:56.314 15.10 
12:50:01.325 15.10 
12:50:06.336 15.10 
12:50:11.316 15.10 
12:50:16.325 15.10 
12:50:21.335 15.10 
12:50:26.311 15.10 
12:50:31.323 15.10 
12:50:36.333 15.10 
12:50:41.343 15.10 
12:50:46.318 15.10 
12:50:51.325 15.10 
12:50:56.332 15.00 
12:51:01.309 15.00 
12:51:06.320 15.10 
12:51:11.328 15.00 
12:51:16.304 15.10 
12:51:21.350 15.10 
12:51:26.327 15.10 
12:51:31.336 15.10 
12:51:36.311 15.00 
12:51:41.321 15.00 
12:51:46.330 15.00 
12:51:51.308 15.00 
12:51:56.317 15.00 
12:52:01.328 15.00 
12:52:06.306 15.00 
12:52:11.314 15.00 
12:52:16.325 15.10 
12:52:21.301 15.00 
12:52:26.343 15.00 
12:52:31.318 15.00 
12:52:36.294 15.00 
12:52:41.337 15.00 
12:52:46.316 15.10 
12:52:51.326 15.00 
12:52:56.303 15.10 
12:53:01.310 15.10 
12:53:06.322 15.10 
12:53:11.297 15.00 
12:53:16.340 15.00 
12:53:21.317 15.00 
12:53:26.326 15.00 
12:53:31.299 15.00 
12:53:36.307 15.00 
12:53:41.316 15.10 
12:53:46.324 15.00 
12:53:51.301 15.00 
12:53:56.310 15.00 
12:54:01.322 15.00 
12:54:06.330 15.00 
12:54:11.305 15.00 
12:54:16.315 15.00 
12:54:21.325 14.90 
12:54:26.297 15.00 
12:54:31.339 15.00 
12:54:36.317 15.00 
12:54:41.290 15.00 
12:54:46.334 15.00 
12:54:51.311 15.00 
12:54:56.322 14.90 
12:55:01.297 15.00 
12:55:06.306 15.00 
12:55:11.316 14.90 
12:55:16.291 14.90 
12:55:21.332 14.90 
12:55:26.306 14.90 
12:55:31.319 14.90 
12:55:36.298 14.90 
12:55:41.342 14.90 
12:55:46.318 14.90 
12:55:51.328 14.90 
12:55:56.305 14.90 
12:56:01.313 14.90 
12:56:06.323 14.90 
12:56:11.332 14.90 
12:56:16.308 14.90 
12:56:21.318 14.90 
12:56:26.325 15.00 
12:56:31.300 14.90 
12:56:36.310 14.90 
12:56:41.318 14.90 
12:56:46.330 14.90 
12:56:51.308 14.90 
12:56:56.320 14.90 
12:57:01.331 14.90 
12:57:06.303 14.90 
12:57:11.312 14.90 
12:57:16.318 14.90 
12:57:21.296 14.90 
12:57:26.305 14.90 
12:57:31.313 14.90 
12:57:36.319 14.90 
12:57:41.296 14.90 
12:57:46.305 14.90 
12:57:51.314 14.90 
12:57:56.323 14.90 
12:58:01.300 14.90 
12:58:06.310 14.90 
12:58:11.283 14.90 
12:58:16.324 14.90 
12:58:21.299 15.00 
12:58:26.309 14.90 
12:58:31.294 14.90 
12:58:36.306 15.00 
12:58:41.285 15.00 
12:58:46.328 15.00 
12:58:51.304 15.00 
12:58:56.280 15.00 
12:59:01.320 15.00 
12:59:06.294 15.00 
12:59:11.302 15.00 
12:59:16.310 15.00 
12:59:21.318 15.00 
12:59:26.294 14.90 
12:59:31.335 15.00 
12:59:36.310 15.00 
12:59:41.287 15.00 
12:59:46.297 15.00 
12:59:51.309 15.00 
12:59:56.283 15.00 
13:00:01.292 14.90 
13:00:06.302 14.90 
13:00:11.314 14.90 
13:00:16.292 14.90 
13:00:21.298 14.90 
13:00:26.308 14.90 
13:00:31.320 14.90 
13:00:36.296 15.00 
13:00:41.273 14.90 
13:00:46.284 14.90 
13:00:51.294 14.90 
13:00:56.303 14.90 
13:01:01.315 14.90 
13:01:06.291 14.90 
13:01:11.298 14.90 
13:01:16.308 14.90 
13:01:21.287 14.90 
13:01:26.294 14.90 
13:01:31.269 14.90 
13:01:36.314 14.90 
13:01:41.291 14.90 
13:01:46.304 14.90 
13:01:51.314 14.90 
13:01:56.289 14.90 
13:02:01.298 14.90 
13:02:06.306 14.90 
13:02:11.282 14.90 
13:02:16.292 14.90 
13:02:21.300 14.80 
13:02:26.309 14.90 
13:02:31.315 14.90 
13:02:36.290 14.90 
13:02:41.301 14.90 
13:02:46.307 14.90 
13:02:51.283 14.90 
13:02:56.292 14.90 
13:03:01.302 14.90 
13:03:06.282 14.90 
13:03:11.323 14.90 
13:03:16.297 14.90 
13:03:21.305 14.80 
13:03:26.281 14.80 
13:03:31.292 14.80 
13:03:36.271 14.80 
13:03:41.311 14.80 
13:03:46.286 14.80 
13:03:51.295 14.90 
13:03:56.303 14.90 
13:04:01.279 14.90 
13:04:06.290 14.90 
13:04:11.299 14.90 
13:04:16.307 14.90 
13:04:21.281 14.90 
13:04:26.320 14.90 
13:04:31.298 14.90 
13:04:36.277 14.90 
13:04:41.287 14.90 
13:04:46.295 14.90 
13:04:51.306 14.90 
13:04:56.281 14.90 
13:05:01.291 14.90 
13:05:06.301 14.90 
13:05:11.275 14.90 
13:05:16.286 14.90 
13:05:21.297 14.90 
13:05:26.275 14.90 
13:05:31.286 14.90 
13:05:36.296 15.00 
13:05:41.280 14.90 
13:05:46.287 14.90 
13:05:51.263 14.90 
13:05:56.306 14.90 
13:06:01.280 14.90 
13:06:06.290 14.90 
13:06:11.302 14.90 
13:06:16.312 14.90 
13:06:21.288 14.90 
13:06:26.265 14.90 
13:06:31.278 14.90 
13:06:36.286 14.90 
13:06:41.293 14.90 
13:06:46.269 14.90 
13:06:51.281 14.90 
13:06:56.290 14.90 
13:07:01.265 14.90 
13:07:06.277 14.90 
13:07:11.286 14.90 
13:07:16.260 14.90 
13:07:21.268 14.90 
13:07:26.308 14.80 
13:07:31.283 14.80 
13:07:36.261 14.80 
13:07:41.271 14.80 
13:07:46.278 14.80 
13:07:51.287 14.80 
13:07:56.262 14.80 
13:08:01.307 14.80 
13:08:06.284 14.80 
13:08:11.293 14.80 
13:08:16.271 14.80 
13:08:21.312 14.80 
13:08:26.288 14.80 
13:08:31.266 14.80 
13:08:36.276 14.80 
13:08:41.285 14.80 
13:08:46.293 14.80 
13:08:51.270 14.80 
13:08:56.277 14.80 
13:09:01.291 14.80 
13:09:06.267 14.80 
13:09:11.274 14.80 
13:09:16.282 14.80 
13:09:21.258 14.80 
13:09:26.267 14.80 
13:09:31.277 14.80 
13:09:36.287 14.70 
13:09:41.294 14.80 
13:09:46.270 14.70 
13:09:51.276 14.70 
13:09:56.284 14.70 
13:10:01.259 14.70 
13:10:06.270 14.70 
13:10:11.279 14.70 
13:10:16.285 14.70 
13:10:21.258 14.80 
13:10:26.300 14.80 
13:10:31.278 14.80 
13:10:36.257 14.80 
13:10:41.268 14.80 
13:10:46.278 14.80 
13:10:51.253 14.80 
13:10:56.293 14.80 
13:11:01.271 14.80 
13:11:06.282 14.80 
13:11:11.292 14.80 
13:11:16.270 14.80 
13:11:21.282 14.80 
13:11:26.290 14.80 
13:11:31.265 14.80 
13:11:36.273 14.80 
13:11:41.282 14.70 
13:11:46.292 14.80 
13:11:51.269 14.80 
13:11:56.275 14.80 
13:12:01.283 14.80 
13:12:06.261 14.80 
13:12:11.270 14.80 
13:12:16.278 14.80 
13:12:21.252 14.80 
13:12:26.259 14.80 
13:12:31.265 14.80 
13:12:36.272 14.80 
13:12:41.282 14.80 
13:12:46.256 14.80 
13:12:51.266 14.80 
13:12:56.275 14.80 
13:13:01.251 14.80 
13:13:06.261 14.80 
13:13:11.269 14.80 
13:13:16.276 14.80 
13:13:21.283 14.80 
13:13:26.260 14.80 
13:13:31.269 14.80 
13:13:36.275 14.80 
13:13:41.250 14.80 
13:13:46.256 14.80 
13:13:51.265 14.80 
13:13:56.274 14.80 
13:14:01.248 14.80 
13:14:06.258 14.80 
13:14:11.268 14.80 
13:14:16.280 14.80 
13:14:21.254 14.80 
13:14:26.260 14.80 
13:14:31.269 14.80 
13:14:36.276 14.80 
13:14:41.252 14.80 
13:14:46.297 14.80 
13:14:51.275 14.80 
13:14:56.251 14.80 
13:15:01.260 14.70 
13:15:06.268 14.70 
13:15:11.244 14.70 
13:15:16.254 14.70 
13:15:21.263 14.70 
13:15:26.273 14.70 
13:15:31.282 14.80 
13:15:36.256 14.70 
13:15:41.263 14.70 
13:15:46.238 14.70 
13:15:51.279 14.70 
13:15:56.256 14.70 
13:16:01.268 14.70 
13:16:06.246 14.70 
13:16:11.261 14.70 
13:16:16.268 14.70 
13:16:21.276 14.70 
13:16:26.252 14.70 
13:16:31.264 14.70 
13:16:36.241 14.70 
13:16:41.285 14.70 
13:16:46.262 14.70 
13:16:51.273 14.60 
13:16:56.251 14.70 
13:17:01.258 14.70 
13:17:06.265 14.70 
13:17:11.241 14.70 
13:17:16.249 14.70 
13:17:21.260 14.70 
13:17:26.268 14.70 
13:17:31.245 14.70 
13:17:36.254 14.70 
13:17:41.264 14.70 
13:17:46.271 14.70 
13:17:51.250 14.70 
13:17:56.261 14.70 
13:18:01.273 14.70 
13:18:06.248 14.70 
13:18:11.256 14.70 
13:18:16.232 14.70 
13:18:21.242 14.70 
13:18:26.251 14.70 
13:18:31.265 14.70 
13:18:36.239 14.70 
13:18:41.247 14.70 
13:18:46.260 14.70 
13:18:51.272 14.70 
13:18:56.248 14.70 
13:19:01.226 14.70 
13:19:06.270 14.70 
13:19:11.246 14.80 
13:19:16.255 14.80 
13:19:21.267 14.80 
13:19:26.244 14.80 
13:19:31.253 14.80 
13:19:36.264 14.80 
13:19:41.239 14.80 
13:19:46.249 14.80 
13:19:51.225 14.80 
13:19:56.269 14.80 
13:20:01.244 14.80 
13:20:06.253 14.80 
13:20:11.263 14.70 
13:20:16.272 14.70 
13:20:21.245 14.80 
13:20:26.255 14.70 
13:20:31.229 14.70 
13:20:36.269 14.70 
13:20:41.244 14.70 
13:20:46.251 14.70 
13:20:51.230 14.70 
13:20:56.271 14.70 
13:21:01.245 14.70 
13:21:06.255 14.70 
13:21:11.233 14.70 
13:21:16.276 14.70 
13:21:21.251 14.70 
13:21:26.258 14.70 
13:21:31.233 14.70 
13:21:36.239 14.70 
13:21:41.249 14.70 
13:21:46.227 14.70 
13:21:51.235 14.70 
13:21:56.275 14.70 
13:22:01.252 14.70 
13:22:06.264 14.70 
13:22:11.242 14.70 
13:22:16.255 14.70 
13:22:21.234 14.70 
13:22:26.246 14.70 
13:22:31.259 14.70 
13:22:36.235 14.70 
13:22:41.243 14.70 
13:22:46.254 14.80 
13:22:51.232 14.70 
13:22:56.245 14.70 
13:23:01.225 14.70 
13:23:06.268 14.70 
13:23:11.242 14.70 
13:23:16.254 14.70 
13:23:21.261 14.70 
13:23:26.237 14.70 
13:23:31.247 14.70 
13:23:36.222 14.70 
13:23:41.229 14.70 
13:23:46.236 14.70 
13:23:51.247 14.70 
13:23:56.254 14.70 
13:24:01.233 14.70 
13:24:06.278 14.70 
13:24:11.257 14.70 
13:24:16.270 14.70 
13:24:21.250 14.70 
13:24:26.230 14.70 
13:24:31.240 14.70 
13:24:36.247 14.70 
13:24:41.259 14.60 
13:24:46.242 14.70 
13:24:51.255 14.70 
13:24:56.234 14.70 
13:25:01.246 14.70 
13:25:06.227 14.70 
13:25:11.272 14.70 
13:25:16.252 14.70 
13:25:21.260 14.60 
13:25:26.234 14.60 
13:25:31.242 14.60 
13:25:36.249 14.60 
13:25:41.255 14.60 
13:25:46.262 14.60 
13:25:51.272 14.60 
13:25:56.248 14.60 
13:26:01.224 14.70 
13:26:06.268 14.70 
13:26:11.247 14.70 
13:26:16.226 14.60 
13:26:21.273 14.70 
13:26:26.253 14.60 
13:26:31.265 14.60 
13:26:36.243 14.60 
13:26:41.249 14.60 
13:26:46.227 14.60 
13:26:51.270 14.60 
13:26:56.246 14.60 
13:27:01.260 14.60 
13:27:06.237 14.60 
13:27:11.247 14.60 
13:27:16.259 14.60 
13:27:21.237 14.60 
13:27:26.249 14.60 
13:27:31.260 14.60 
13:27:36.237 14.60 
13:27:41.249 14.60 
13:27:46.259 14.60 
13:27:51.266 14.50 
13:27:56.244 14.50 
13:28:01.255 14.50 
13:28:06.267 14.60 
13:28:11.243 14.60 
13:28:16.255 14.60 
13:28:21.266 14.50 
13:28:26.243 14.50 
13:28:31.253 14.60 
13:28:36.265 14.60 
13:28:41.243 14.60 
13:28:46.251 14.60 
13:28:51.259 14.60 
13:28:56.236 14.60 
13:29:01.249 14.60 
13:29:06.229 14.60 
13:29:11.273 14.60 
13:29:16.247 14.60 
13:29:21.253 14.60 
13:29:26.260 14.60 
13:29:31.236 14.60 
13:29:36.245 14.60 
13:29:41.254 14.60 
13:29:46.262 14.60 
13:29:51.239 14.60 
13:29:56.248 14.60 
13:30:01.256 14.60 
13:30:06.266 14.70 
13:30:11.243 14.70 
13:30:16.253 14.70 
13:30:21.263 14.70 
13:30:26.240 14.70 
13:30:31.250 14.70 
13:30:36.258 14.70 
13:30:41.237 14.60 
13:30:46.249 14.60 
13:30:51.257 14.60 
13:30:56.267 14.60 
13:31:01.244 14.60 
13:31:06.220 14.60 
13:31:11.263 14.70 
13:31:16.240 14.60 
13:31:21.252 14.60 
13:31:26.263 14.60 
13:31:31.240 14.60 
13:31:36.249 14.60 
13:31:41.258 14.60 
13:31:46.234 14.60 
13:31:51.245 14.60 
13:31:56.255 14.60 
13:32:01.233 14.60 
13:32:06.244 14.60 
13:32:11.221 14.60 
13:32:16.231 14.60 
13:32:21.242 14.60 
13:32:26.253 14.60 
13:32:31.260 14.60 
13:32:36.237 14.60 
13:32:41.245 14.60 
13:32:46.256 14.60 
13:32:51.234 14.60 
13:32:56.246 14.60 
13:33:01.258 14.60 
13:33:06.238 14.60 
13:33:11.250 14.60 
13:33:16.262 14.60 
13:33:21.240 14.60 
13:33:26.252 14.60 
13:33:31.231 14.60 
13:33:36.241 14.60 
13:33:41.254 14.60 
13:33:46.233 14.60 
13:33:51.244 14.60 
13:33:56.254 14.60 
13:34:01.230 14.60 
13:34:06.242 14.60 
13:34:11.250 14.60 
13:34:16.225 14.50 
13:34:21.235 14.60 
13:34:26.242 14.60 
13:34:31.252 14.50 
13:34:36.229 14.50 
13:34:41.241 14.50 
13:34:46.251 14.50 
13:34:51.260 14.50 
13:34:56.239 14.50 
13:35:01.251 14.50 
13:35:06.228 14.60 
13:35:11.240 14.60 
13:35:16.218 14.60 
13:35:21.263 14.60 
13:35:26.238 14.60 
13:35:31.247 14.60 
13:35:36.222 14.60 
13:35:41.235 14.60 
13:35:46.243 14.60 
13:35:51.252 14.60 
13:35:56.270 14.60 
13:36:01.245 14.60 
13:36:06.221 14.60 
13:36:11.262 14.60 
13:36:16.239 14.60 
13:36:21.214 14.60 
13:36:26.222 14.60 
13:36:31.229 14.60 
13:36:36.237 14.60 
13:36:41.245 14.60 
13:36:46.225 14.50 
13:36:51.236 14.50 
13:36:56.244 14.60 
13:37:01.223 14.60 
13:37:06.232 14.60 
13:37:11.240 14.50 
13:37:16.248 14.60 
13:37:21.225 14.60 
13:37:26.235 14.50 
13:37:31.212 14.50 
13:37:36.254 14.50 
13:37:41.264 14.50 
13:37:46.243 14.50 
13:37:51.252 14.50 
13:37:56.228 14.60 
13:38:01.236 14.60 
13:38:06.246 14.50 
13:38:11.219 14.60 
13:38:16.227 14.60 
13:38:21.235 14.60 
13:38:26.212 14.50 
13:38:31.223 14.60 
13:38:36.267 14.50 
13:38:41.242 14.50 
13:38:46.220 14.50 
13:38:51.233 14.50 
13:38:56.246 14.50 
13:39:01.224 14.50 
13:39:06.267 14.50 
13:39:11.246 14.50 
13:39:16.222 14.50 
13:39:21.232 14.50 
13:39:26.238 14.50 
13:39:31.246 14.50 
13:39:36.220 14.50 
13:39:41.260 14.50 
13:39:46.235 14.50 
13:39:51.247 14.50 
13:39:56.222 14.50 
13:40:01.264 14.50 
13:40:06.237 14.50 
13:40:11.211 14.50 
13:40:16.251 14.50 
13:40:21.225 14.50 
13:40:26.233 14.50 
13:40:31.246 14.50 
13:40:36.256 14.50 
13:40:41.230 14.60 
13:40:46.239 14.50 
13:40:51.250 14.50 
13:40:56.228 14.50 
13:41:01.207 14.50 
13:41:06.218 14.50 
13:41:11.227 14.50 
13:41:16.234 14.50 
13:41:21.210 14.50 
13:41:26.251 14.50 
13:41:31.226 14.40 
13:41:36.234 14.50 
13:41:41.244 14.50 
13:41:46.223 14.50 
13:41:51.236 14.50 
13:41:56.214 14.50 
13:42:01.259 14.50 
13:42:06.235 14.50 
13:42:11.210 14.50 
13:42:16.222 14.50 
13:42:21.231 14.50 
13:42:26.238 14.50 
13:42:31.214 14.50 
13:42:36.225 14.50 
13:42:41.236 14.50 
13:42:46.249 14.50 
13:42:51.225 14.40 
13:42:56.234 14.50 
13:43:01.246 14.50 
13:43:06.223 14.50 
13:43:11.234 14.50 
13:43:16.207 14.50 
13:43:21.248 14.50 
13:43:26.225 14.50 
13:43:31.234 14.50 
13:43:36.212 14.50 
13:43:41.222 14.50 
13:43:46.236 14.50 
13:43:51.245 14.50 
13:43:56.221 14.50 
13:44:01.231 14.50 
13:44:06.243 14.50 
13:44:11.255 14.50 
13:44:16.234 14.50 
13:44:21.213 14.50 
13:44:26.222 14.50 
13:44:31.231 14.50 
13:44:36.239 14.50 
13:44:41.248 14.50 
13:44:46.225 14.50 
13:44:51.237 14.50 
13:44:56.216 14.40 
13:45:01.225 14.40 
13:45:06.237 14.40 
13:45:11.217 14.40 
13:45:16.224 14.40 
13:45:21.233 14.40 
13:45:26.241 14.40 
13:45:31.219 14.40 
13:45:36.227 14.50 
13:45:41.238 14.40 
13:45:46.217 14.50 
13:45:51.228 14.50 
13:45:56.240 14.50 
13:46:01.217 14.50 
13:46:06.228 14.40 
13:46:11.238 14.50 
13:46:16.244 14.50 
13:46:21.219 14.50 
13:46:26.228 14.50 
13:46:31.237 14.50 
13:46:36.214 14.50 
13:46:41.227 14.50 
13:46:46.207 14.50 
13:46:51.253 14.50 
13:46:56.230 14.50 
13:47:01.206 14.40 
13:47:06.248 14.50 
13:47:11.224 14.40 
13:47:16.234 14.40 
13:47:21.209 14.40 
13:47:26.219 14.40 
13:47:31.229 14.40 
13:47:36.206 14.40 
13:47:41.218 14.40 
13:47:46.230 14.40 
13:47:51.243 14.40 
13:47:56.220 14.40 
13:48:01.233 14.40 
13:48:06.210 14.40 
13:48:11.220 14.40 
13:48:16.226 14.40 
13:48:21.202 14.40 
13:48:26.250 14.40 
13:48:31.224 14.40 
13:48:36.204 14.40 
13:48:41.246 14.40 
13:48:46.219 14.40 
13:48:51.225 14.40 
13:48:56.232 14.40 
13:49:01.206 14.40 
13:49:06.215 14.40 
13:49:11.224 14.40 
13:49:16.235 14.40 
13:49:21.213 14.40 
13:49:26.223 14.40 
13:49:31.201 14.40 
13:49:36.243 14.40 
13:49:41.221 14.40 
13:49:46.198 14.40 
13:49:51.206 14.40 
13:49:56.247 14.40 
13:50:01.225 14.40 
13:50:06.232 14.40 
13:50:11.210 14.40 
13:50:16.192 14.40 
13:50:21.236 14.40 
13:50:26.214 14.40 
13:50:31.192 14.40 
13:50:36.235 14.40 
13:50:41.211 14.40 
13:50:46.219 14.40 
13:50:51.225 14.40 
13:50:56.232 14.40 
13:51:01.207 14.40 
13:51:06.214 14.40 
13:51:11.222 14.40 
13:51:16.202 14.40 
13:51:21.215 14.40 
13:51:26.196 14.40 
13:51:31.240 14.40 
13:51:36.215 14.50 
13:51:41.221 14.50 
13:51:46.232 14.50 
13:51:51.210 14.50 
13:51:56.219 14.50 
13:52:01.196 14.50 
13:52:06.238 14.50 
13:52:11.213 14.50 
13:52:16.220 14.50 
13:52:21.230 14.50 
13:52:26.207 14.50 
13:52:31.217 14.50 
13:52:36.227 14.40 
13:52:41.203 14.40 
13:52:46.211 14.40 
13:52:51.185 14.40 
13:52:56.228 14.40 
13:53:01.204 14.40 
13:53:06.216 14.30 
13:53:11.225 14.30 
13:53:16.236 14.40 
13:53:21.215 14.40 
13:53:26.227 14.40 
13:53:31.206 14.40 
13:53:36.186 14.40 
13:53:41.231 14.40 
13:53:46.207 14.40 
13:53:51.184 14.30 
13:53:56.227 14.30 
13:54:01.204 14.30 
13:54:06.214 14.30 
13:54:11.226 14.30 
13:54:16.204 14.30 
13:54:21.215 14.30 
13:54:26.221 14.30 
13:54:31.198 14.30 
13:54:36.210 14.30 
13:54:41.189 14.30 
13:54:46.228 14.30 
13:54:51.203 14.30 
13:54:56.210 14.40 
13:55:01.218 14.40 
13:55:06.195 14.40 
13:55:11.235 14.40 
13:55:16.210 14.40 
13:55:21.185 14.40 
13:55:26.194 14.40 
13:55:31.202 14.40 
13:55:36.208 14.40 
13:55:41.218 14.40 
13:55:46.229 14.40 
13:55:51.205 14.40 
13:55:56.183 14.40 
13:56:01.225 14.40 
13:56:06.203 14.40 
13:56:11.181 14.40 
13:56:16.226 14.40 
13:56:21.203 14.40 
13:56:26.210 14.40 
13:56:31.222 14.40 
13:56:36.202 14.50 
13:56:41.178 14.40 
13:56:46.220 14.40 
13:56:51.195 14.40 
13:56:56.204 14.40 
15:50:35.540 14.40 
15:50:35.540 13.00 
15:50:39.686 13.00 
15:50:44.728 13.00 
15:50:49.702 13.00 
15:50:55.905 13.10 
15:51:00.945 13.10 
15:51:05.919 13.10 
15:51:10.961 13.10 
15:51:15.937 13.10 
15:51:20.937 13.10 
15:51:25.921 13.10 
15:51:30.927 13.10 
15:51:35.938 13.10 
15:51:40.947 13.10 
15:51:45.922 13.20 
15:51:50.930 13.20 
15:51:55.940 13.20 
15:52:00.918 13.10 
15:52:05.959 13.10 
15:52:10.933 13.10 
15:52:15.940 13.10 
15:52:20.947 13.10 
15:52:25.921 13.10 
15:52:30.962 13.10 
15:52:35.937 13.20 
15:52:40.913 13.20 
15:52:45.921 13.20 
15:52:50.929 13.20 
15:52:55.937 13.20 
15:53:00.909 13.20 
15:53:05.948 13.20 
15:53:10.922 13.20 
15:53:15.928 13.20 
15:53:20.937 13.20 
15:53:25.945 13.20 
15:53:30.918 13.20 
15:53:35.895 13.30 
15:53:40.939 13.30 
15:53:45.918 13.30 
15:53:50.928 13.30 
15:53:55.904 13.40 
15:54:00.947 13.40 
15:54:05.922 13.40 
15:54:10.930 13.40 
15:54:15.906 13.40 
15:54:20.916 13.40 
15:54:25.924 13.40 
15:54:30.932 13.40 
15:54:35.906 13.40 
15:54:40.913 13.50 
15:54:45.922 13.50 
15:54:50.929 13.50 
15:54:55.934 13.50 
15:55:00.908 13.50 
15:55:05.914 13.50 
15:55:10.920 13.60 
15:55:15.927 13.60 
15:55:20.938 13.60 
15:55:25.914 13.60 
15:55:30.923 13.60 
15:55:35.897 13.60 
15:55:40.939 13.60 
15:55:45.916 13.60 
15:55:50.926 13.60 
15:55:55.937 13.70 
15:56:00.911 13.70 
15:56:05.919 13.70 
15:56:10.931 13.70 
15:56:15.940 13.70 
15:56:20.915 13.70 
15:56:25.890 13.70 
15:56:30.901 13.70 
15:56:35.944 13.80 
15:56:40.921 13.80 
15:56:45.930 13.80 
15:56:50.939 13.80 
15:56:55.915 13.80 
15:57:00.924 13.80 
15:57:05.935 13.80 
15:57:10.912 13.80 
15:57:15.922 13.80 
15:57:20.932 13.80 
15:57:25.907 13.80 
15:57:30.915 13.80 
15:57:35.923 13.80 
15:57:40.933 13.90 
15:57:45.910 13.90 
15:57:50.917 13.90 
15:57:55.924 13.90 
15:58:00.899 13.90 
15:58:05.938 13.90 
15:58:10.911 13.90 
15:58:15.917 13.90 
15:58:20.926 13.90 
15:58:25.903 13.90 
15:58:30.911 13.90 
15:58:35.918 13.90 
15:58:40.925 13.90 
15:58:45.900 13.90 
15:58:50.941 13.90 
15:58:55.918 13.90 
15:59:00.926 13.90 
15:59:05.934 13.90 
15:59:10.907 14.00 
15:59:15.914 14.00 
15:59:20.922 14.00 
15:59:25.896 13.90 
15:59:30.904 14.00 
15:59:35.912 14.00 
15:59:40.919 14.00 
15:59:45.893 14.00 
15:59:50.903 14.00 
15:59:55.910 14.00 
16:00:00.916 14.00 
16:00:05.890 14.00 
16:00:10.930 14.00 
16:00:15.936 14.00 
16:00:20.913 14.00 
16:00:25.920 14.00 
16:00:30.893 14.00 
16:00:35.900 14.00 
16:00:40.907 14.00 
16:00:45.917 14.00 
16:00:50.895 14.00 
16:00:55.907 14.00 
16:01:00.916 14.00 
16:01:05.925 14.00 
16:01:10.935 14.00 
16:01:15.911 14.00 
16:01:20.921 14.00 
16:01:25.900 14.00 
16:01:30.907 14.00 
16:01:35.913 14.00 
16:01:40.889 14.00 
16:01:45.929 14.00 
16:01:50.907 14.00 
16:01:55.918 14.00 
16:02:00.896 14.00 
16:02:05.938 14.00 
16:02:10.916 14.00 
16:02:15.922 14.00 
16:02:20.897 14.00 
16:02:25.906 14.00 
16:02:30.916 14.00 
16:02:35.926 14.00 
16:02:40.902 14.00 
16:02:45.877 14.00 
16:02:50.920 14.00 
16:02:55.897 14.00 
16:03:00.905 14.00 
16:03:05.881 14.00 
16:03:10.892 14.00 
16:03:15.903 14.10 
16:03:20.913 14.10 
16:03:25.888 14.10 
16:03:30.896 14.10 
16:03:35.909 14.10 
16:03:40.887 14.10 
16:03:45.933 14.00 
16:03:50.909 14.10 
16:03:55.915 14.10 
16:04:00.922 14.10 
16:04:05.899 14.10 
16:04:10.911 14.10 
16:04:15.919 14.10 
16:04:20.894 14.10 
16:04:25.903 14.10 
16:04:30.910 14.10 
16:04:35.887 14.10 
16:04:40.929 14.10 
16:04:45.903 14.10 
16:04:50.910 14.10 
16:04:55.883 14.10 
16:05:00.891 14.10 
16:05:05.901 14.10 
16:05:10.877 14.10 
16:05:15.886 14.10 
16:05:20.894 14.10 
16:05:25.903 14.10 
16:05:30.911 14.10 
16:05:35.886 14.10 
16:05:40.896 14.10 
16:05:45.903 14.10 
16:05:50.876 14.10 
16:05:55.919 14.10 
16:06:00.896 14.10 
16:06:05.904 14.10 
16:06:10.912 14.10 
16:06:15.885 14.10 
16:06:20.924 14.20 
16:06:25.902 14.20 
16:06:30.910 14.20 
16:06:35.885 14.20 
16:06:40.894 14.20 
16:06:45.902 14.20 
16:06:50.911 14.20 
16:06:55.889 14.20 
16:07:00.902 14.20 
16:07:05.912 14.20 
16:07:10.888 14.20 
16:07:15.896 14.20 
16:07:20.906 14.20 
16:07:25.884 14.20 
16:07:30.895 14.20 
16:07:35.906 14.20 
16:07:40.882 14.20 
16:07:45.892 14.20 
16:07:50.898 14.20 
16:07:55.908 14.10 
16:08:00.883 14.10 
16:08:05.893 14.10 
16:08:10.902 14.20 
16:08:15.875 14.20 
16:08:20.884 14.20 
16:08:25.894 14.20 
16:08:30.900 14.20 
16:08:35.875 14.20 
16:08:40.885 14.20 
16:08:45.892 14.20 
16:08:50.866 14.20 
16:08:55.908 14.20 
16:09:00.917 14.20 
16:09:05.894 14.20 
16:09:10.868 14.20 
16:09:15.875 14.20 
16:09:20.881 14.20 
16:09:25.890 14.20 
16:09:30.898 14.20 
16:09:35.876 14.20 
16:09:40.887 14.20 
16:09:45.893 14.30 
16:09:50.865 14.20 
16:09:55.905 14.20 
16:10:00.882 14.20 
16:10:05.888 14.20 
16:10:10.862 14.20 
16:10:15.869 14.20 
16:10:20.877 14.20 
16:10:25.884 14.20 
16:10:30.862 14.20 
16:10:35.872 14.30 
16:10:40.880 14.30 
16:10:45.889 14.30 
16:10:50.866 14.20 
16:10:55.908 14.20 
16:11:00.882 14.30 
16:11:05.889 14.30 
16:11:10.898 14.30 
16:11:15.908 14.30 
16:11:20.881 14.30 
16:11:25.888 14.30 
16:11:30.864 14.40 
16:11:35.875 14.40 
16:11:40.884 14.40 
16:11:45.893 14.40 
16:11:50.867 14.40 
16:11:55.909 14.40 
16:12:00.883 14.40 
16:12:05.893 14.40 
16:12:10.870 14.40 
16:12:15.881 14.40 
16:12:20.889 14.40 
16:12:25.896 14.40 
16:12:30.873 14.40 
16:12:35.886 14.40 
16:12:40.861 14.50 
16:12:45.871 14.40 
16:12:50.880 14.40 
16:12:55.887 14.50 
16:13:00.865 14.40 
16:13:05.907 14.40 
16:13:10.881 14.40 
16:13:15.859 14.40 
16:13:20.903 14.50 
16:13:25.880 14.50 
16:13:30.891 14.40 
16:13:35.865 14.50 
16:13:40.875 14.50 
16:13:45.886 14.40 
16:13:50.863 14.40 
16:13:55.871 14.40 
16:14:00.880 14.40 
16:14:05.858 14.40 
16:14:10.900 14.40 
16:14:15.874 14.40 
16:14:20.882 14.40 
16:14:25.890 14.40 
16:14:30.900 14.40 
16:14:35.877 14.40 
16:14:40.888 14.40 
16:14:45.864 14.40 
16:14:50.873 14.40 
16:14:55.880 14.40 
16:15:00.855 14.40 
16:15:05.862 14.40 
16:15:10.869 14.50 
16:15:15.876 14.40 
16:15:20.884 14.40 
16:15:25.899 14.40 
16:15:30.878 14.40 
16:15:35.857 14.40 
16:15:40.868 14.40 
16:15:45.879 14.50 
16:15:50.856 14.50 
16:15:55.864 14.50 
16:16:00.875 14.40 
16:16:05.852 14.40 
16:16:10.893 14.40 
16:16:15.870 14.40 
16:16:20.881 14.40 
16:16:25.857 14.40 
16:16:30.899 14.40 
16:16:35.877 14.40 
16:16:40.855 14.40 
16:16:45.897 14.40 
16:16:50.873 14.40 
16:16:55.882 14.40 
16:17:00.891 14.40 
16:17:05.866 14.50 
16:17:10.878 14.50 
16:17:15.888 14.50 
16:17:20.863 14.50 
16:17:25.870 14.50 
16:17:30.877 14.50 
16:17:35.853 14.50 
16:17:40.863 14.50 
16:17:45.871 14.50 
16:17:50.879 14.50 
16:17:55.855 14.50 
16:18:00.863 14.50 
16:18:05.872 14.60 
16:18:10.882 14.60 
16:18:15.858 14.60 
16:18:20.863 14.50 
16:18:25.871 14.60 
16:18:30.878 14.60 
16:18:35.888 14.60 
16:18:40.862 14.60 
16:18:45.870 14.60 
16:18:50.843 14.60 
16:18:55.849 14.50 
16:19:00.891 14.60 
16:19:05.869 14.60 
16:19:10.847 14.60 
16:19:15.855 14.50 
16:19:20.863 14.50 
16:19:25.869 14.50 
16:19:30.879 14.50 
16:19:35.856 14.50 
16:19:40.867 14.50 
16:19:45.876 14.50 
16:19:50.851 14.50 
16:19:55.858 14.50 
16:20:00.866 14.50 
16:20:05.875 14.50 
16:20:10.853 14.50 
16:20:15.864 14.50 
16:20:20.876 14.50 
16:20:25.855 14.50 
16:20:30.864 14.50 
16:20:35.874 14.50 
16:20:40.850 14.50 
16:20:45.892 14.50 
16:20:50.866 14.50 
16:20:55.844 14.50 
16:21:00.887 14.50 
16:21:05.864 14.50 
16:21:10.844 14.50 
16:21:15.856 14.50 
16:21:20.862 14.50 
16:21:25.871 14.50 
16:21:30.881 14.50 
16:21:35.856 14.50 
16:21:40.867 14.50 
16:21:45.877 14.50 
16:21:50.853 14.50 
16:21:55.863 14.50 
16:22:00.869 14.50 
16:22:05.845 14.50 
16:22:10.853 14.50 
16:22:15.860 14.50 
16:22:20.836 14.50 
16:22:25.879 14.40 
16:22:30.855 14.50 
16:22:35.863 14.50 
16:22:40.873 14.50 
16:22:45.880 14.50 
16:22:50.856 14.50 
16:22:55.834 14.50 
16:23:00.877 14.50 
16:23:05.856 14.50 
16:23:10.864 14.50 
16:23:15.842 14.50 
16:23:20.852 14.50 
16:23:25.860 14.50 
16:23:30.834 14.50 
16:23:35.842 14.50 
16:23:40.850 14.50 
16:23:45.860 14.50 
16:23:50.835 14.50 
16:23:55.843 14.50 
16:24:00.852 14.60 
16:24:05.828 14.60 
16:24:10.869 14.60 
16:24:15.847 14.60 
16:24:20.855 14.60 
16:24:25.831 14.60 
16:24:30.872 14.60 
16:24:35.847 14.60 
16:24:40.855 14.60 
16:24:45.866 14.60 
16:24:50.844 14.60 
16:24:55.852 14.60 
16:25:00.863 14.60 
16:25:05.876 14.60 
16:25:10.853 14.60 
16:25:15.827 14.60 
16:25:20.842 14.60 
16:25:25.851 14.60 
16:25:30.863 14.70 
16:25:35.839 14.70 
16:25:40.851 14.70 
16:25:45.859 14.70 
16:25:50.834 14.70 
16:25:55.874 14.70 
16:26:00.848 14.70 
16:26:05.821 14.70 
16:26:10.861 14.70 
16:26:15.870 14.70 
16:26:20.845 14.70 
16:26:25.819 14.70 
16:26:30.863 14.70 
16:26:35.838 14.70 
16:26:40.881 14.70 
16:26:45.857 14.70 
16:26:50.836 14.70 
16:26:55.877 14.70 
16:27:00.852 14.70 
16:27:05.859 14.70 
16:27:10.868 14.70 
16:27:15.875 14.70 
16:27:20.849 14.70 
16:27:25.856 14.70 
16:27:30.861 14.70 
16:27:35.839 14.70 
16:27:40.847 14.70 
16:27:45.855 14.80 
16:27:50.838 14.70 
16:27:55.849 14.70 
16:28:00.860 14.70 
16:28:05.837 14.70 
16:28:10.846 14.70 
16:28:15.825 14.70 
16:28:20.867 14.70 
16:28:25.841 14.70 
16:28:30.851 14.70 
16:28:35.827 14.70 
16:28:40.868 14.60 
16:28:45.845 14.70 
16:28:50.854 14.60 
16:28:55.832 14.60 
16:29:00.843 14.60 
16:29:05.854 14.60 
16:29:10.864 14.60 
16:29:15.841 14.60 
16:29:20.852 14.60 
16:29:25.828 14.60 
16:29:30.870 14.60 
16:29:35.844 14.60 
16:29:40.854 14.60 
16:29:45.834 14.60 
16:29:50.844 14.60 
16:29:55.821 14.50 
16:30:00.866 14.60 
16:30:05.842 14.50 
16:30:10.853 14.60 
16:30:15.864 14.60 
16:30:20.839 14.60 
16:30:25.848 14.60 
16:30:30.857 14.60 
16:30:35.871 14.60 
16:30:40.848 14.50 
16:30:45.857 14.50 
16:30:50.834 14.50 
16:30:55.845 14.50 
16:31:00.857 14.50 
16:31:05.866 14.50 
16:31:10.839 14.50 
16:31:15.846 14.50 
16:31:20.852 14.50 
16:31:25.830 14.50 
16:31:30.840 14.50 
16:31:35.817 14.50 
16:31:40.825 14.50 
16:31:45.832 14.50 
16:31:50.840 14.50 
16:31:55.848 14.50 
16:32:00.826 14.50 
16:32:05.833 14.50 
16:32:10.840 14.50 
16:32:15.847 14.50 
16:32:20.855 14.50 
16:32:25.829 14.40 
16:32:30.834 14.40 
16:32:35.809 14.40 
16:32:40.849 14.50 
16:32:45.857 14.50 
16:32:50.833 14.50 
16:32:55.808 14.50 
16:33:00.816 14.50 
16:33:05.825 14.50 
16:33:10.832 14.50 
16:33:15.812 14.50 
16:33:20.853 14.50 
16:33:25.831 14.50 
16:33:30.841 14.50 
16:33:35.851 14.50 
16:33:40.827 14.50 
16:33:45.838 14.50 
16:33:50.815 14.50 
16:33:55.858 14.50 
16:34:00.834 14.50 
16:34:05.840 14.50 
16:34:10.817 14.50 
16:34:15.829 14.50 
16:34:20.839 14.50 
16:34:25.847 14.60 
16:34:30.825 14.50 
16:34:35.837 14.60 
16:34:40.848 14.60 
16:34:45.823 14.60 
16:34:50.833 14.60 
16:34:55.843 14.60 
16:35:00.820 14.60 
16:35:05.831 14.60 
16:35:10.808 14.60 
16:35:15.852 14.60 
16:35:20.831 14.60 
16:35:25.807 14.60 
16:35:30.851 14.60 
16:35:35.830 14.60 
16:35:40.842 14.60 
16:35:45.819 14.60 
16:35:50.862 14.60 
16:35:55.838 14.50 
16:36:00.852 14.60 
16:36:05.832 14.60 
16:36:10.843 14.60 
16:36:15.854 14.60 
16:36:20.832 14.60 
16:36:25.809 14.60 
16:36:30.856 14.60 
16:36:35.834 14.60 
16:36:40.808 14.60 
16:36:45.815 14.60 
16:36:50.825 14.60 
16:36:55.832 14.60 
16:37:00.806 14.60 
16:37:05.847 14.60 
16:37:10.820 14.60 
16:37:15.827 14.60 
16:37:20.836 14.60 
16:37:25.843 14.60 
16:37:30.820 14.60 
16:37:35.798 14.60 
16:37:40.844 14.60 
16:37:45.821 14.60 
16:37:50.831 14.60 
16:37:55.841 14.70 
16:38:00.820 14.70 
16:38:05.831 14.70 
16:38:10.839 14.70 
16:38:15.813 14.70 
16:38:20.856 14.70 
16:38:25.830 14.70 
16:38:30.840 14.70 
16:38:35.819 14.70 
16:38:40.829 14.70 
16:38:45.837 14.70 
16:38:50.813 14.70 
16:38:55.819 14.70 
16:39:00.827 14.70 
16:39:05.802 14.70 
16:39:10.810 14.70 
16:39:15.819 14.70 
16:39:20.829 14.70 
16:39:25.804 14.70 
16:39:30.847 14.70 
16:39:35.825 14.70 
16:39:40.802 14.70 
16:39:45.844 14.80 
16:39:50.820 14.70 
16:39:55.830 14.70 
16:40:00.842 14.70 
16:40:05.819 14.70 
16:40:10.827 14.70 
16:40:15.801 14.70 
16:40:20.809 14.70 
16:40:25.817 14.70 
16:40:30.828 14.70 
16:40:35.836 14.80 
16:40:40.812 14.80 
16:40:45.822 14.80 
16:40:50.832 14.80 
16:40:55.806 14.80 
16:41:00.815 14.80 
16:41:05.823 14.80 
16:41:10.834 14.80 
16:41:15.811 14.80 
16:41:20.823 14.80 
16:41:25.834 14.80 
16:41:30.811 14.80 
16:41:35.821 14.80 
16:41:40.829 14.80 
16:41:45.806 14.80 
16:41:50.848 14.80 
16:41:55.822 14.80 
16:42:00.829 14.80 
16:42:05.839 14.80 
16:42:10.815 14.80 
16:42:15.825 14.80 
16:42:20.835 14.80 
16:42:25.810 14.80 
16:42:30.789 14.80 
16:42:35.797 14.80 
16:42:40.804 14.80 
16:42:45.844 14.80 
16:42:50.822 14.80 
16:42:55.798 14.80 
16:43:00.839 14.80 
16:43:05.813 14.80 
16:43:10.823 14.90 
16:43:15.835 14.90 
16:43:20.812 14.90 
16:43:25.822 14.90 
16:43:30.828 14.90 
16:43:35.805 14.80 
16:43:40.815 14.80 
16:43:45.790 14.80 
16:43:50.831 14.80 
16:43:55.808 14.80 
16:44:00.818 14.80 
16:44:05.794 14.80 
16:44:10.804 14.80 
16:44:15.815 14.70 
16:44:20.826 14.70 
16:44:25.803 14.70 
16:44:30.811 14.70 
16:44:35.819 14.70 
16:44:40.828 14.70 
16:44:45.801 14.70 
16:44:50.811 14.70 
16:44:55.819 14.70 
16:45:00.792 14.70 
16:45:05.799 14.70 
16:45:10.808 14.70 
16:45:15.819 14.70 
16:45:20.827 14.70 
16:45:25.801 14.70 
16:45:30.810 14.70 
16:45:35.818 14.70 
16:45:40.825 14.70 
16:45:45.802 14.70 
16:45:50.814 14.70 
16:45:55.793 14.70 
16:46:00.809 14.70 
16:46:05.819 14.70 
16:46:10.798 14.70 
16:46:15.810 14.70 
16:46:20.820 14.70 
16:46:25.826 14.70 
16:46:30.802 14.70 
16:46:35.811 14.70 
16:46:40.819 14.70 
16:46:45.795 14.70 
16:46:50.804 14.70 
16:46:55.816 14.70 
16:47:00.826 14.70 
16:47:05.801 14.70 
16:47:10.808 14.70 
16:47:15.817 14.70 
16:47:20.792 14.70 
16:47:25.834 14.70 
16:47:30.811 14.70 
16:47:35.819 14.70 
16:47:40.794 14.70 
16:47:45.801 14.70 
16:47:50.809 14.70 
16:47:55.784 14.70 
16:48:00.825 14.70 
16:48:05.804 14.70 
16:48:10.813 14.70 
16:48:15.824 14.70 
16:48:20.802 14.70 
16:48:25.811 14.70 
16:48:30.787 14.70 
16:48:35.805 14.70 
16:48:40.816 14.70 
16:48:45.794 14.70 
16:48:50.804 14.70 
16:48:55.815 14.70 
16:49:00.793 14.70 
16:49:05.801 14.70 
16:49:10.808 14.70 
16:49:15.814 14.70 
16:49:20.791 14.70 
16:49:25.800 14.70 
16:49:30.810 14.70 
16:49:35.785 14.70 
16:49:40.828 14.70 
16:49:45.804 14.70 
16:49:50.780 14.70 
16:49:55.821 14.60 
16:50:00.800 14.60 
16:50:05.810 14.60 
16:50:10.788 14.60 
16:50:15.795 14.60 
16:50:20.801 14.60 
16:50:25.808 14.60 
16:50:30.817 14.60 
16:50:35.792 14.60 
16:50:40.800 14.60 
16:50:45.810 14.60 
16:50:50.788 14.60 
16:50:55.797 14.60 
16:51:00.804 14.60 
16:51:05.779 14.60 
16:51:10.787 14.50 
16:51:15.794 14.60 
16:51:20.801 14.60 
16:51:25.774 14.60 
16:51:30.816 14.60 
16:51:35.792 14.60 
16:51:40.799 14.60 
16:51:45.810 14.60 
16:51:50.784 14.60 
16:51:55.791 14.60 
16:52:00.797 14.50 
16:52:05.804 14.60 
16:52:10.781 14.60 
16:52:15.823 14.60 
16:52:20.800 14.50 
16:52:25.778 14.50 
16:52:30.820 14.50 
16:52:35.797 14.50 
16:52:40.808 14.50 
16:52:45.786 14.60 
16:52:50.796 14.60 
16:52:55.806 14.60 
16:53:00.781 14.60 
16:53:05.789 14.60 
16:53:10.798 14.70 
16:53:15.771 14.60 
16:53:20.813 14.70 
16:53:25.787 14.60 
16:53:30.799 14.70 
16:53:35.813 14.70 
16:53:40.791 14.70 
16:53:45.801 14.70 
16:53:50.778 14.80 
16:53:55.788 14.80 
16:54:00.798 14.80 
16:54:05.776 14.90 
16:54:10.784 14.90 
16:54:15.794 14.90 
16:54:20.803 14.90 
16:54:25.781 14.90 
16:54:30.791 15.00 
16:54:35.798 15.00 
16:54:40.809 15.00 
16:54:45.785 15.00 
16:54:50.792 15.00 
16:54:55.798 15.00 
16:55:00.771 15.00 
16:55:05.815 15.00 
16:55:10.791 15.10 
16:55:15.801 15.10 
16:55:20.812 15.10 
16:55:25.785 15.10 
16:55:30.796 15.10 
16:55:35.803 15.20 
16:55:40.779 15.10 
16:55:45.790 15.20 
16:55:50.767 15.20 
16:55:55.778 15.20 
16:56:00.789 15.20 
16:56:05.763 15.30 
16:56:10.804 15.30 
16:56:15.813 15.30 
16:56:20.789 15.40 
16:56:25.796 15.40 
16:56:30.770 15.50 
16:56:35.814 15.50 
16:56:40.789 15.50 
16:56:45.796 15.50 
16:56:50.772 15.50 
16:56:55.813 15.50 
16:57:00.789 15.60 
16:57:05.796 15.60 
16:57:10.806 15.60 
16:57:15.780 15.60 
16:57:20.790 15.60 
16:57:25.800 15.60 
16:57:30.778 15.70 
16:57:35.790 15.70 
16:57:40.764 15.70 
16:57:45.803 15.70 
16:57:50.777 15.70 
16:57:55.786 15.80 
16:58:00.795 15.80 
16:58:05.804 15.80 
16:58:10.811 15.80 
16:58:15.787 15.90 
16:58:20.761 15.90 
16:58:25.802 15.90 
16:58:30.779 15.90 
16:58:35.785 16.00 
16:58:40.759 16.00 
16:58:45.802 16.00 
16:58:50.778 16.00 
16:58:55.756 16.10 
16:59:00.801 16.10 
16:59:05.776 16.10 
16:59:10.786 16.10 
16:59:15.795 16.10 
16:59:20.768 16.20 
16:59:25.777 16.20 
16:59:30.784 16.20 
16:59:35.759 16.20 
16:59:40.798 16.30 
16:59:45.772 16.30 
16:59:50.778 16.30 
16:59:55.786 16.30 
17:00:00.796 16.30 
17:00:05.772 16.40 
17:00:10.782 16.40 
17:00:15.794 16.40 
17:00:20.770 16.40 
17:00:25.782 16.50 
17:00:30.789 16.50 
17:00:35.764 16.50 
17:00:40.771 16.50 
17:00:45.782 16.50 
17:00:50.757 16.60 
17:00:55.765 16.60 
17:01:00.773 16.60 
17:01:05.782 16.70 
17:01:10.756 16.70 
17:01:15.763 16.70 
17:01:20.774 16.70 
17:01:25.784 16.80 
17:01:30.794 16.80 
17:01:35.770 16.80 
17:01:40.780 16.90 
17:01:45.756 16.90 
17:01:50.800 17.00 
17:01:55.779 17.00 
17:02:00.755 17.00 
17:02:05.764 17.10 
17:02:10.774 17.10 
17:02:15.786 17.10 
17:02:20.760 17.20 
17:02:25.769 17.20 
17:02:30.779 17.20 
17:02:35.756 17.30 
17:02:40.768 17.30 
17:02:45.745 17.20 
17:02:50.789 17.30 
17:02:55.763 17.40 
17:03:00.772 17.40 
17:03:05.782 17.40 
17:03:10.759 17.40 
17:03:15.768 17.40 
17:03:20.744 17.40 
17:03:25.788 17.40 
17:03:30.765 17.40 
17:03:35.772 17.50 
17:03:40.779 17.50 
17:03:45.753 17.60 
17:03:50.795 17.60 
17:03:55.769 17.60 
17:04:00.775 17.70 
17:04:05.782 17.70 
17:04:10.756 17.70 
17:04:15.796 17.80 
17:04:20.770 17.80 
17:04:25.778 17.80 
17:04:30.786 17.80 
17:04:35.761 17.90 
17:04:40.769 17.90 
17:04:45.776 17.90 
17:04:50.753 17.90 
17:04:55.761 18.00 
17:05:00.767 18.00 
17:05:05.777 18.00 
17:05:10.751 18.10 
17:05:15.760 18.10 
17:05:20.767 18.10 
17:05:25.778 18.20 
17:05:30.785 18.20 
17:05:35.759 18.30 
17:05:40.734 18.40 
17:05:45.776 18.40 
17:05:50.782 18.40 
17:05:55.755 18.50 
17:06:00.764 18.50 
17:06:05.776 18.50 
17:06:10.787 18.50 
17:06:15.764 18.50 
17:06:20.742 18.60 
17:06:25.753 18.60 
17:06:30.764 18.70 
17:06:35.771 18.70 
17:06:40.744 18.80 
17:06:45.753 18.80 
17:06:50.762 18.80 
17:06:55.739 18.90 
17:07:00.746 18.90 
17:07:05.753 18.90 
17:07:10.762 19.00 
17:07:15.770 19.00 
17:07:20.748 19.00 
17:07:25.758 19.00 
17:07:30.767 19.00 
17:07:35.746 19.10 
17:07:40.789 19.10 
17:07:45.765 19.20 
17:07:50.742 19.20 
17:07:55.788 19.20 
17:08:00.767 19.10 
17:08:05.745 19.10 
17:08:10.756 19.10 
17:08:15.736 19.10 
17:08:20.746 19.20 
17:08:25.758 19.20 
17:08:30.770 19.20 
17:08:35.782 19.30 
17:08:40.759 19.30 
17:08:45.768 19.30 
17:08:50.745 19.40 
17:08:55.784 19.40 
17:09:00.759 19.50 
17:09:05.733 19.60 
17:09:10.772 19.60 
17:09:15.746 19.70 
17:09:20.787 19.70 
17:09:25.762 19.80 
17:09:30.769 19.80 
17:09:35.777 19.90 
17:09:40.754 19.90 
17:09:45.762 19.90 
17:09:50.737 19.90 
17:09:55.780 19.90 
17:10:00.754 19.90 
17:10:05.762 19.90 
17:10:10.738 19.90 
17:10:15.752 19.90 
17:10:20.726 19.90 
17:10:25.767 19.90 
17:10:30.741 19.90 
17:10:35.747 19.90 
17:10:40.754 19.90 
17:10:45.761 19.90 
17:10:50.769 19.90 
17:10:55.743 20.00 
17:11:00.750 20.00 
17:11:05.756 20.00 
17:11:10.763 20.00 
17:11:15.772 20.00 
17:11:20.748 20.00 
17:11:25.757 20.00 
17:11:30.734 20.00 
17:11:35.777 20.00 
17:11:40.754 20.10 
17:11:45.730 20.10 
17:11:50.737 20.10 
17:11:55.778 20.10 
17:12:00.755 20.10 
17:12:05.731 20.10 
17:12:10.775 20.10 
17:12:15.752 20.10 
17:12:20.764 20.10 
17:12:25.742 20.10 
17:12:30.751 20.10 
17:12:35.764 20.10 
17:12:40.771 20.10 
17:12:45.748 20.10 
17:12:50.757 20.20 
17:12:55.732 20.20 
17:13:00.773 20.10 
17:13:05.748 20.20 
17:13:10.757 20.20 
17:13:15.734 20.20 
17:13:20.777 20.20 
17:13:25.754 20.20 
17:13:30.731 20.30 
17:13:35.741 20.30 
17:13:40.750 20.30 
17:13:45.761 20.30 
17:13:50.738 20.30 
17:13:55.745 20.40 
17:14:00.753 20.40 
17:14:05.762 20.30 
17:14:10.737 20.40 
17:14:15.748 20.50 
17:14:20.722 20.50 
17:14:25.764 20.50 
17:14:30.743 20.50 
17:14:35.754 20.50 
17:14:40.764 20.50 
17:14:45.742 20.60 
17:14:50.758 20.60 
17:14:55.737 20.60 
17:15:00.748 20.60 
17:15:05.759 20.60 
17:15:10.737 20.60 
17:15:15.747 20.60 
17:15:20.755 20.70 
17:15:25.762 20.60 
17:15:30.739 20.70 
17:15:35.717 20.70 
17:15:40.759 20.70 
17:15:45.733 20.70 
17:15:50.774 20.70 
17:15:55.747 20.80 
17:16:00.754 20.80 
17:16:05.761 20.80 
17:16:10.737 20.80 
17:16:15.744 20.80 
17:16:20.719 20.80 
17:16:25.760 20.90 
17:16:30.733 20.90 
17:16:35.774 20.90 
17:16:40.750 20.90 
17:16:45.722 20.90 
17:16:50.763 20.90 
17:16:55.738 20.90 
17:17:00.745 20.90 
17:17:05.723 21.00 
17:17:10.732 20.90 
17:17:15.738 21.00 
17:17:20.747 21.00 
17:17:25.754 21.00 
17:17:30.762 21.00 
17:17:35.735 21.10 
17:17:40.745 21.10 
17:17:45.753 21.20 
17:17:50.728 21.20 
17:17:55.737 21.30 
17:18:00.746 21.20 
17:18:05.753 21.20 
17:18:10.727 21.30 
17:18:15.735 21.30 
17:18:20.743 21.30 
17:18:25.718 21.30 
17:18:30.726 21.30 
17:18:35.735 21.30 
17:18:40.742 21.40 
17:18:45.752 21.40 
17:18:50.727 21.40 
17:18:55.739 21.40 
17:19:00.716 21.50 
17:19:05.726 21.50 
17:19:10.731 21.50 
17:19:15.739 21.50 
17:19:20.746 21.60 
17:19:25.752 21.60 
17:19:30.727 21.70 
17:19:35.738 21.70 
17:19:40.717 21.70 
17:19:45.728 21.70 
17:19:50.739 21.70 
17:19:55.748 21.80 
17:20:00.724 21.80 
17:20:05.763 21.90 
17:20:10.737 21.90 
17:20:15.713 21.90 
17:20:20.724 21.90 
17:20:25.731 21.90 
17:20:30.737 21.90 
17:20:35.745 22.00 
17:20:40.720 22.00 
17:20:45.762 22.00 
17:20:50.737 22.00 
17:20:55.746 22.00 
17:21:00.721 22.00 
17:21:05.729 22.00 
17:21:10.737 22.00 
17:21:15.744 22.10 
17:21:20.751 22.20 
17:21:25.725 22.30 
17:21:30.734 22.30 
17:21:35.707 22.30 
17:21:40.748 22.40 
17:21:45.724 22.40 
17:21:50.730 22.40 
17:21:55.736 22.60 
17:22:00.744 22.70 
17:22:05.720 22.70 
17:22:10.727 22.70 
17:22:15.735 22.80 
17:22:20.712 22.80 
17:22:25.754 22.80 
17:22:30.727 22.80 
17:22:35.738 22.90 
17:22:40.716 22.90 
17:22:45.726 22.90 
17:22:50.737 23.00 
17:22:55.714 23.00 
17:23:00.722 23.00 
17:23:05.730 23.00 
17:23:10.707 23.00 
17:23:15.750 22.90 
17:23:20.726 22.90 
17:23:25.702 23.00 
17:23:30.746 23.00 
17:23:35.723 23.00 
17:23:40.700 23.10 
17:23:45.740 23.20 
17:23:50.717 23.20 
17:23:55.728 23.30 
17:24:00.738 23.20 
17:24:05.714 23.30 
17:24:10.723 23.30 
17:24:15.731 23.30 
17:24:20.706 23.30 
17:24:25.715 23.20 
17:24:30.725 23.30 
17:24:35.732 23.40 
17:24:40.708 23.40 
17:24:45.751 23.40 
17:24:50.727 23.40 
17:24:55.704 23.40 
17:25:00.749 23.50 
17:25:05.728 23.60 
17:25:10.703 23.50 
17:25:15.710 23.60 
17:25:20.751 23.70 
17:25:25.729 23.70 
17:25:30.739 23.70 
17:25:35.717 23.70 
17:25:40.725 23.70 
17:25:45.701 23.70 
17:25:50.745 23.70 
17:25:55.726 23.70 
17:26:00.706 23.70 
17:26:05.747 23.70 
17:26:10.723 23.60 
17:26:15.732 23.70 
17:26:20.741 23.70 
17:26:25.716 23.60 
17:26:30.724 23.70 
17:26:35.734 23.70 
17:26:40.713 23.60 
17:26:45.720 23.60 
17:26:50.728 23.60 
17:26:55.739 23.50 
17:27:00.747 23.50 
17:27:05.724 23.60 
17:27:10.701 23.60 
17:27:15.741 23.50 
17:27:20.717 23.60 
17:27:25.727 23.60 
17:27:30.738 23.60 
17:27:35.718 23.60 
17:27:40.729 23.60 
17:27:45.706 23.60 
17:27:50.749 23.60 
17:27:55.726 23.60 
17:28:00.698 23.60 
17:28:05.743 23.60 
17:28:10.719 23.60 
17:28:15.725 23.70 
17:28:20.734 23.60 
17:28:25.745 23.70 
17:28:30.723 23.60 
17:28:35.700 23.70 
17:28:40.742 23.80 
17:28:45.717 23.80 
17:28:50.693 23.80 
17:28:55.736 23.80 
17:29:00.713 23.80 
17:29:05.723 23.80 
17:29:10.700 23.80 
17:29:15.708 23.80 
17:29:20.714 23.80 
17:29:25.721 23.80 
17:29:30.694 23.70 
17:29:35.735 23.80 
17:29:40.709 23.80 
17:29:45.718 23.80 
17:29:50.725 23.70 
17:29:55.698 23.70 
17:30:00.709 23.80 
17:30:05.721 23.80 
17:30:10.697 23.80 
17:30:15.705 23.80 
17:30:20.712 23.70 
17:30:25.688 23.80 
17:30:30.699 23.80 
17:30:35.710 23.80 
17:30:40.720 23.90 
17:30:45.698 23.90 
17:30:50.707 23.80 
17:30:55.719 23.80 
17:31:00.729 23.80 
17:31:05.706 23.80 
17:31:10.715 23.90 
17:31:15.723 24.10 
17:31:20.697 24.20 
17:31:25.738 24.20 
17:31:30.715 24.40 
17:31:35.692 24.50 
17:31:40.701 24.60 
17:31:45.710 24.60 
17:31:50.721 24.70 
17:31:55.695 24.80 
17:32:00.735 24.90 
17:32:05.710 25.00 
17:32:10.685 25.00 
17:32:15.724 25.10 
17:32:20.697 25.20 
17:32:25.706 25.30 
17:32:30.715 25.40 
17:32:35.725 25.50 
17:32:40.701 25.50 
17:32:45.709 25.60 
17:32:50.686 25.60 
17:32:55.728 25.50 
17:33:00.702 25.50 
17:33:05.711 25.60 
17:33:10.721 25.60 
17:33:15.697 25.70 
17:33:20.705 25.70 
17:33:25.713 25.70 
17:33:30.719 25.70 
17:33:35.726 25.60 
17:33:40.701 25.70 
17:33:45.709 25.70 
17:33:50.719 25.60 
17:33:55.695 25.70 
17:34:00.736 25.70 
17:34:05.713 25.70 
17:34:10.721 25.80 
17:34:15.698 25.80 
17:34:20.708 25.90 
17:34:25.715 25.80 
17:34:30.689 25.90 
17:34:35.731 25.90 
17:34:40.707 25.90 
17:34:45.718 26.00 
17:34:50.695 26.00 
17:34:55.703 26.10 
17:35:00.710 26.20 
17:35:05.685 26.10 
17:35:10.692 26.10 
17:35:15.698 26.20 
17:35:20.707 26.20 
17:35:25.715 26.30 
17:35:30.689 26.20 
17:35:35.729 26.20 
17:35:40.702 26.30 
17:35:45.709 26.30 
17:35:50.717 26.30 
17:35:55.729 26.30 
17:36:00.705 26.30 
17:36:05.679 26.30 
17:36:10.720 26.30 
17:36:15.698 26.30 
17:36:20.708 26.30 
17:36:25.682 26.30 
17:36:30.723 26.30 
17:36:35.703 26.30 
17:36:40.683 26.30 
17:36:45.725 26.40 
17:36:50.697 26.50 
17:36:55.736 26.50 
17:37:00.709 26.50 
17:37:05.683 26.50 
17:37:10.723 26.50 
17:37:15.699 26.60 
17:37:20.706 26.60 
17:37:25.713 26.60 
17:37:30.688 26.60 
17:37:35.729 26.60 
17:37:40.708 26.50 
17:37:45.683 26.50 
17:37:50.691 26.50 
17:37:55.698 26.60 
17:38:00.706 26.60 
17:38:05.715 26.60 
17:38:10.694 26.60 
17:38:15.703 26.60 
17:38:20.678 26.70 
17:38:25.720 26.60 
17:38:30.696 26.70 
17:38:35.705 26.80 
17:38:40.715 26.90 
17:38:45.690 26.90 
17:38:50.701 26.90 
17:38:55.711 26.90 
17:39:00.690 26.90 
17:39:05.701 27.00 
17:39:10.680 27.00 
17:39:15.692 27.00 
17:39:20.703 27.10 
17:39:25.713 27.20 
17:39:30.689 27.20 
17:39:35.697 27.30 
17:39:40.708 27.30 
17:39:45.686 27.30 
17:39:50.727 27.40 
17:39:55.702 27.30 
17:40:00.675 27.40 
17:40:05.717 27.40 
17:40:10.691 27.30 
17:40:15.698 27.30 
17:40:20.708 27.30 
17:40:25.719 27.30 
17:40:30.695 27.30 
17:40:35.706 27.20 
17:40:40.716 27.20 
17:40:45.694 27.20 
17:40:50.671 27.20 
17:40:55.714 27.30 
17:41:00.688 27.30 
17:41:05.696 27.30 
17:41:10.704 27.30 
17:41:15.681 27.20 
17:41:20.723 27.20 
17:41:25.701 27.20 
17:41:30.678 27.20 
17:41:35.688 27.20 
17:41:40.698 27.20 
17:41:45.710 27.20 
17:41:50.684 27.20 
17:41:55.691 27.20 
17:42:00.702 27.30 
17:42:05.708 27.20 
17:42:10.683 27.20 
17:42:15.691 27.20 
17:42:20.700 27.20 
17:42:25.681 27.20 
17:42:30.722 27.20 
17:42:35.696 27.20 
17:42:40.704 27.20 
17:42:45.679 27.20 
17:42:50.687 27.20 
17:42:55.697 27.20 
17:43:00.672 27.20 
17:43:05.713 27.10 
17:43:10.689 27.20 
17:43:15.700 27.20 
17:43:20.677 27.20 
17:43:25.689 27.20 
17:43:30.697 27.20 
17:43:35.705 27.20 
17:43:40.680 27.20 
17:43:45.688 27.20 
17:43:50.699 27.20 
17:43:55.709 27.20 
17:44:00.685 27.20 
17:44:05.692 27.20 
17:44:10.700 27.10 
17:44:15.707 27.10 
17:44:20.682 27.10 
17:44:25.725 27.20 
17:44:30.703 27.20 
17:44:35.677 27.20 
17:44:40.686 27.20 
17:44:45.693 27.20 
17:44:50.668 27.20 
17:44:55.678 27.30 
17:45:00.687 27.30 
17:45:05.697 27.30 
17:45:10.706 27.30 
17:45:15.714 27.30 
17:45:20.689 27.30 
17:45:25.666 27.30 
17:45:30.707 27.30 
17:45:35.681 27.30 
17:45:40.690 27.30 
17:45:45.701 27.20 
17:45:50.678 27.30 
17:45:55.688 27.30 
17:46:00.698 27.30 
17:46:05.673 27.30 
17:46:10.683 27.30 
17:46:15.693 27.30 
17:46:20.703 27.40 
17:46:25.680 27.40 
17:46:30.689 27.40 
17:46:35.698 27.40 
17:46:40.674 27.40 
17:46:45.684 27.40 
17:46:50.693 27.40 
17:46:55.704 27.40 
17:47:00.681 27.30 
17:47:05.689 27.30 
17:47:10.699 27.40 
17:47:15.709 27.40 
17:47:20.684 27.40 
17:47:25.663 27.30 
17:47:30.707 27.40 
17:47:35.681 27.40 
17:47:40.690 27.40 
17:47:45.697 27.40 
17:47:50.671 27.40 
17:47:55.678 27.50 
17:48:00.686 27.40 
17:48:05.661 27.40 
17:48:10.702 27.40 
17:48:15.678 27.40 
17:48:20.685 27.30 
17:48:25.695 27.40 
17:48:30.704 27.40 
17:48:35.679 27.40 
17:48:40.657 27.40 
17:48:45.698 27.40 
17:48:50.672 27.40 
17:48:55.680 27.40 
17:49:00.688 27.40 
17:49:05.664 27.40 
17:49:10.705 27.30 
17:49:15.683 27.40 
17:49:20.693 27.40 
17:49:25.701 27.40 
17:49:30.675 27.40 
17:49:35.681 27.40 
17:49:40.690 27.40 
17:49:45.667 27.40 
17:49:50.709 27.40 
17:49:55.685 27.40 
17:50:00.662 27.40 
17:50:05.704 27.40 
17:50:10.679 27.40 
17:50:15.688 27.40 
17:50:20.699 27.40 
17:50:25.674 27.40 
17:50:30.651 27.40 
17:50:35.693 27.40 
17:50:40.668 27.40 
17:50:45.675 27.50 
17:50:50.685 27.50 
17:50:55.660 27.50 
17:51:00.701 27.50 
17:51:05.677 27.50 
17:51:10.684 27.60 
17:51:15.692 27.50 
17:51:20.668 27.50 
17:51:25.677 27.50 
17:51:30.687 27.60 
17:51:35.698 27.50 
17:51:40.673 27.50 
17:51:45.684 27.50 
17:51:50.692 27.50 
17:51:55.666 27.50 
17:52:00.674 27.50 
17:52:05.649 27.50 
17:52:10.688 27.50 
17:52:15.694 27.50 
17:52:20.670 27.50 
17:52:25.678 27.50 
17:52:30.686 27.50 
17:52:35.660 27.50 
17:52:40.670 27.60 
17:52:45.679 27.60 
17:52:50.654 27.60 
17:52:55.665 27.70 
17:53:00.672 27.70 
17:53:05.680 27.70 
17:53:10.687 27.60 
17:53:15.696 27.70 
17:53:20.671 27.60 
17:53:25.680 27.70 
17:53:30.688 27.60 
17:53:35.663 27.60 
17:53:40.673 27.70 
17:53:45.682 27.80 
17:53:50.690 27.80 
17:53:55.665 27.90 
17:54:00.675 27.80 
17:54:05.684 27.90 
17:54:10.658 27.90 
17:54:15.665 28.00 
17:54:20.705 28.00 
17:54:25.679 28.00 
17:54:30.654 28.00 
17:54:35.695 28.00 
17:54:40.670 27.90 
17:54:45.677 27.90 
17:54:50.686 28.00 
17:54:55.694 27.90 
17:55:00.668 27.90 
17:55:05.675 27.90 
17:55:10.682 27.90 
17:55:15.655 27.90 
17:55:20.665 27.80 
17:55:25.675 27.80 
17:55:30.650 27.80 
17:55:35.690 27.80 
17:55:40.665 27.80 
17:55:45.674 27.90 
17:55:50.681 27.90 
17:55:55.689 27.90 
17:56:00.664 27.90 
17:56:05.672 27.90 
17:56:10.681 27.90 
17:56:15.691 27.90 
17:56:20.669 27.90 
17:56:25.645 27.90 
17:56:30.685 27.90 
17:56:35.659 27.90 
17:56:40.666 27.90 
17:56:45.673 27.90 
17:56:50.647 27.80 
17:56:55.689 27.80 
17:57:00.667 27.80 
17:57:05.675 27.90 
17:57:10.684 27.80 
17:57:15.694 27.80 
17:57:20.668 27.80 
17:57:25.643 27.80 
17:57:30.684 27.80 
17:57:35.659 27.80 
17:57:40.667 27.80 
17:57:45.674 27.80 
17:57:50.683 27.80 
17:57:55.693 27.80 
17:58:00.668 27.80 
17:58:05.642 27.80 
17:58:10.684 27.80 
17:58:15.695 27.80 
17:58:20.671 27.80 
17:58:25.678 27.80 
17:58:30.653 27.80 
17:58:35.660 27.80 
17:58:40.668 27.80 
17:58:45.675 27.70 
17:58:50.651 27.70 
17:58:55.659 27.70 
17:59:00.669 27.70 
17:59:05.680 27.70 
17:59:10.656 27.70 
17:59:15.664 27.70 
17:59:20.643 27.70 
17:59:25.687 27.70 
17:59:30.662 27.70 
17:59:35.673 27.70 
17:59:40.646 27.70 
17:59:45.687 27.70 
17:59:50.662 27.70 
17:59:55.673 27.70 
18:00:00.646 27.70 
18:00:05.686 27.70 
18:00:10.665 27.70 
18:00:15.673 27.70 
18:00:20.680 27.60 
18:00:25.655 27.60 
18:00:30.666 27.70 
18:00:35.676 27.70 
18:00:40.652 27.70 
18:00:45.661 27.70 
18:00:50.670 27.70 
18:00:55.648 27.70 
18:01:00.690 27.70 
18:01:05.665 27.70 
18:01:10.672 27.70 
18:01:15.681 27.70 
18:01:20.658 27.70 
18:01:25.667 27.70 
18:01:30.644 27.70 
18:01:35.687 27.70 
18:01:40.661 27.70 
18:01:45.672 27.60 
18:01:50.649 27.60 
18:01:55.691 27.60 
18:02:00.666 27.60 
18:02:05.643 27.60 
18:02:10.655 27.60 
18:02:15.662 27.60 
18:02:20.672 27.60 
18:02:25.684 27.60 
18:02:30.660 27.60 
18:02:35.670 27.60 
18:02:40.678 27.60 
18:02:45.656 27.60 
18:02:50.665 27.60 
18:02:55.671 27.60 
18:03:00.681 27.60 
18:03:05.654 27.50 
18:03:10.663 27.50 
18:03:15.636 27.50 
18:03:20.645 27.50 
18:03:25.656 27.50 
18:03:30.668 27.50 
18:03:35.645 27.50 
18:03:40.659 27.50 
18:03:45.671 27.50 
18:03:50.648 27.60 
18:03:55.656 27.60 
